[2026-02-12T02:48:47.608+0000] {processor.py:161} INFO - Started process (PID=57) to work on /opt/airflow/dags/pipeline_dag.py
[2026-02-12T02:48:47.610+0000] {processor.py:830} INFO - Processing file /opt/airflow/dags/pipeline_dag.py for tasks to queue
[2026-02-12T02:48:47.611+0000] {logging_mixin.py:188} INFO - [2026-02-12T02:48:47.611+0000] {dagbag.py:540} INFO - Filling up the DagBag from /opt/airflow/dags/pipeline_dag.py
[2026-02-12T02:48:47.646+0000] {processor.py:840} INFO - DAG(s) 'glucose_pipeline' retrieved from /opt/airflow/dags/pipeline_dag.py
[2026-02-12T02:48:47.671+0000] {logging_mixin.py:188} INFO - [2026-02-12T02:48:47.670+0000] {dag.py:3047} INFO - Sync 1 DAGs
[2026-02-12T02:48:47.690+0000] {logging_mixin.py:188} INFO - [2026-02-12T02:48:47.690+0000] {dag.py:3834} INFO - Setting next_dagrun for glucose_pipeline to None, run_after=None
[2026-02-12T02:48:47.758+0000] {processor.py:183} INFO - Processing /opt/airflow/dags/pipeline_dag.py took 0.153 seconds
[2026-02-12T02:49:17.868+0000] {processor.py:161} INFO - Started process (PID=178) to work on /opt/airflow/dags/pipeline_dag.py
[2026-02-12T02:49:17.869+0000] {processor.py:830} INFO - Processing file /opt/airflow/dags/pipeline_dag.py for tasks to queue
[2026-02-12T02:49:17.871+0000] {logging_mixin.py:188} INFO - [2026-02-12T02:49:17.871+0000] {dagbag.py:540} INFO - Filling up the DagBag from /opt/airflow/dags/pipeline_dag.py
[2026-02-12T02:49:17.896+0000] {processor.py:840} INFO - DAG(s) 'glucose_pipeline' retrieved from /opt/airflow/dags/pipeline_dag.py
[2026-02-12T02:49:18.094+0000] {logging_mixin.py:188} INFO - [2026-02-12T02:49:18.094+0000] {dag.py:3047} INFO - Sync 1 DAGs
[2026-02-12T02:49:18.106+0000] {logging_mixin.py:188} INFO - [2026-02-12T02:49:18.106+0000] {dag.py:3834} INFO - Setting next_dagrun for glucose_pipeline to None, run_after=None
[2026-02-12T02:49:18.182+0000] {processor.py:183} INFO - Processing /opt/airflow/dags/pipeline_dag.py took 0.317 seconds
[2026-02-12T02:49:48.977+0000] {processor.py:161} INFO - Started process (PID=179) to work on /opt/airflow/dags/pipeline_dag.py
[2026-02-12T02:49:48.978+0000] {processor.py:830} INFO - Processing file /opt/airflow/dags/pipeline_dag.py for tasks to queue
[2026-02-12T02:49:48.979+0000] {logging_mixin.py:188} INFO - [2026-02-12T02:49:48.979+0000] {dagbag.py:540} INFO - Filling up the DagBag from /opt/airflow/dags/pipeline_dag.py
[2026-02-12T02:49:48.994+0000] {processor.py:840} INFO - DAG(s) 'glucose_pipeline' retrieved from /opt/airflow/dags/pipeline_dag.py
[2026-02-12T02:49:49.028+0000] {logging_mixin.py:188} INFO - [2026-02-12T02:49:49.028+0000] {dag.py:3047} INFO - Sync 1 DAGs
[2026-02-12T02:49:49.040+0000] {logging_mixin.py:188} INFO - [2026-02-12T02:49:49.039+0000] {dag.py:3834} INFO - Setting next_dagrun for glucose_pipeline to None, run_after=None
[2026-02-12T02:49:49.118+0000] {processor.py:183} INFO - Processing /opt/airflow/dags/pipeline_dag.py took 0.144 seconds
[2026-02-12T02:50:19.270+0000] {processor.py:161} INFO - Started process (PID=180) to work on /opt/airflow/dags/pipeline_dag.py
[2026-02-12T02:50:19.271+0000] {processor.py:830} INFO - Processing file /opt/airflow/dags/pipeline_dag.py for tasks to queue
[2026-02-12T02:50:19.272+0000] {logging_mixin.py:188} INFO - [2026-02-12T02:50:19.271+0000] {dagbag.py:540} INFO - Filling up the DagBag from /opt/airflow/dags/pipeline_dag.py
[2026-02-12T02:50:19.287+0000] {processor.py:840} INFO - DAG(s) 'glucose_pipeline' retrieved from /opt/airflow/dags/pipeline_dag.py
[2026-02-12T02:50:19.318+0000] {logging_mixin.py:188} INFO - [2026-02-12T02:50:19.318+0000] {dag.py:3047} INFO - Sync 1 DAGs
[2026-02-12T02:50:19.329+0000] {logging_mixin.py:188} INFO - [2026-02-12T02:50:19.329+0000] {dag.py:3834} INFO - Setting next_dagrun for glucose_pipeline to None, run_after=None
[2026-02-12T02:50:19.379+0000] {processor.py:183} INFO - Processing /opt/airflow/dags/pipeline_dag.py took 0.112 seconds
[2026-02-12T02:50:49.547+0000] {processor.py:161} INFO - Started process (PID=181) to work on /opt/airflow/dags/pipeline_dag.py
[2026-02-12T02:50:49.548+0000] {processor.py:830} INFO - Processing file /opt/airflow/dags/pipeline_dag.py for tasks to queue
[2026-02-12T02:50:49.549+0000] {logging_mixin.py:188} INFO - [2026-02-12T02:50:49.549+0000] {dagbag.py:540} INFO - Filling up the DagBag from /opt/airflow/dags/pipeline_dag.py
[2026-02-12T02:50:49.568+0000] {processor.py:840} INFO - DAG(s) 'glucose_pipeline' retrieved from /opt/airflow/dags/pipeline_dag.py
[2026-02-12T02:50:49.599+0000] {logging_mixin.py:188} INFO - [2026-02-12T02:50:49.599+0000] {dag.py:3047} INFO - Sync 1 DAGs
[2026-02-12T02:50:49.616+0000] {logging_mixin.py:188} INFO - [2026-02-12T02:50:49.616+0000] {dag.py:3834} INFO - Setting next_dagrun for glucose_pipeline to None, run_after=None
[2026-02-12T02:50:49.682+0000] {processor.py:183} INFO - Processing /opt/airflow/dags/pipeline_dag.py took 0.137 seconds
[2026-02-12T02:51:19.815+0000] {processor.py:161} INFO - Started process (PID=182) to work on /opt/airflow/dags/pipeline_dag.py
[2026-02-12T02:51:19.816+0000] {processor.py:830} INFO - Processing file /opt/airflow/dags/pipeline_dag.py for tasks to queue
[2026-02-12T02:51:19.817+0000] {logging_mixin.py:188} INFO - [2026-02-12T02:51:19.817+0000] {dagbag.py:540} INFO - Filling up the DagBag from /opt/airflow/dags/pipeline_dag.py
[2026-02-12T02:51:19.835+0000] {processor.py:840} INFO - DAG(s) 'glucose_pipeline' retrieved from /opt/airflow/dags/pipeline_dag.py
[2026-02-12T02:51:19.864+0000] {logging_mixin.py:188} INFO - [2026-02-12T02:51:19.864+0000] {dag.py:3047} INFO - Sync 1 DAGs
[2026-02-12T02:51:19.877+0000] {logging_mixin.py:188} INFO - [2026-02-12T02:51:19.877+0000] {dag.py:3834} INFO - Setting next_dagrun for glucose_pipeline to None, run_after=None
[2026-02-12T02:51:19.939+0000] {processor.py:183} INFO - Processing /opt/airflow/dags/pipeline_dag.py took 0.127 seconds
[2026-02-12T02:51:51.097+0000] {processor.py:161} INFO - Started process (PID=183) to work on /opt/airflow/dags/pipeline_dag.py
[2026-02-12T02:51:51.099+0000] {processor.py:830} INFO - Processing file /opt/airflow/dags/pipeline_dag.py for tasks to queue
[2026-02-12T02:51:51.100+0000] {logging_mixin.py:188} INFO - [2026-02-12T02:51:51.100+0000] {dagbag.py:540} INFO - Filling up the DagBag from /opt/airflow/dags/pipeline_dag.py
[2026-02-12T02:51:51.133+0000] {processor.py:840} INFO - DAG(s) 'glucose_pipeline' retrieved from /opt/airflow/dags/pipeline_dag.py
[2026-02-12T02:51:51.175+0000] {logging_mixin.py:188} INFO - [2026-02-12T02:51:51.175+0000] {dag.py:3047} INFO - Sync 1 DAGs
[2026-02-12T02:51:51.189+0000] {logging_mixin.py:188} INFO - [2026-02-12T02:51:51.188+0000] {dag.py:3834} INFO - Setting next_dagrun for glucose_pipeline to None, run_after=None
[2026-02-12T02:51:51.256+0000] {processor.py:183} INFO - Processing /opt/airflow/dags/pipeline_dag.py took 0.163 seconds
[2026-02-12T02:52:17.842+0000] {processor.py:161} INFO - Started process (PID=55) to work on /opt/airflow/dags/pipeline_dag.py
[2026-02-12T02:52:17.844+0000] {processor.py:830} INFO - Processing file /opt/airflow/dags/pipeline_dag.py for tasks to queue
[2026-02-12T02:52:17.846+0000] {logging_mixin.py:188} INFO - [2026-02-12T02:52:17.845+0000] {dagbag.py:540} INFO - Filling up the DagBag from /opt/airflow/dags/pipeline_dag.py
[2026-02-12T02:52:17.870+0000] {processor.py:840} INFO - DAG(s) 'glucose_pipeline' retrieved from /opt/airflow/dags/pipeline_dag.py
[2026-02-12T02:52:17.887+0000] {logging_mixin.py:188} INFO - [2026-02-12T02:52:17.887+0000] {dag.py:3047} INFO - Sync 1 DAGs
[2026-02-12T02:52:17.906+0000] {logging_mixin.py:188} INFO - [2026-02-12T02:52:17.906+0000] {dag.py:3834} INFO - Setting next_dagrun for glucose_pipeline to None, run_after=None
[2026-02-12T02:52:17.973+0000] {processor.py:183} INFO - Processing /opt/airflow/dags/pipeline_dag.py took 0.136 seconds
[2026-02-12T02:52:48.306+0000] {processor.py:161} INFO - Started process (PID=56) to work on /opt/airflow/dags/pipeline_dag.py
[2026-02-12T02:52:48.308+0000] {processor.py:830} INFO - Processing file /opt/airflow/dags/pipeline_dag.py for tasks to queue
[2026-02-12T02:52:48.310+0000] {logging_mixin.py:188} INFO - [2026-02-12T02:52:48.309+0000] {dagbag.py:540} INFO - Filling up the DagBag from /opt/airflow/dags/pipeline_dag.py
[2026-02-12T02:52:48.341+0000] {processor.py:840} INFO - DAG(s) 'glucose_pipeline' retrieved from /opt/airflow/dags/pipeline_dag.py
[2026-02-12T02:52:48.456+0000] {logging_mixin.py:188} INFO - [2026-02-12T02:52:48.456+0000] {dag.py:3047} INFO - Sync 1 DAGs
[2026-02-12T02:52:48.468+0000] {logging_mixin.py:188} INFO - [2026-02-12T02:52:48.467+0000] {dag.py:3834} INFO - Setting next_dagrun for glucose_pipeline to None, run_after=None
[2026-02-12T02:52:48.542+0000] {processor.py:183} INFO - Processing /opt/airflow/dags/pipeline_dag.py took 0.242 seconds
[2026-02-12T02:53:19.515+0000] {processor.py:161} INFO - Started process (PID=57) to work on /opt/airflow/dags/pipeline_dag.py
[2026-02-12T02:53:19.516+0000] {processor.py:830} INFO - Processing file /opt/airflow/dags/pipeline_dag.py for tasks to queue
[2026-02-12T02:53:19.517+0000] {logging_mixin.py:188} INFO - [2026-02-12T02:53:19.517+0000] {dagbag.py:540} INFO - Filling up the DagBag from /opt/airflow/dags/pipeline_dag.py
[2026-02-12T02:53:19.533+0000] {processor.py:840} INFO - DAG(s) 'glucose_pipeline' retrieved from /opt/airflow/dags/pipeline_dag.py
[2026-02-12T02:53:19.582+0000] {logging_mixin.py:188} INFO - [2026-02-12T02:53:19.582+0000] {dag.py:3047} INFO - Sync 1 DAGs
[2026-02-12T02:53:19.594+0000] {logging_mixin.py:188} INFO - [2026-02-12T02:53:19.594+0000] {dag.py:3834} INFO - Setting next_dagrun for glucose_pipeline to None, run_after=None
[2026-02-12T02:53:19.655+0000] {processor.py:183} INFO - Processing /opt/airflow/dags/pipeline_dag.py took 0.142 seconds
[2026-02-12T02:53:50.234+0000] {processor.py:161} INFO - Started process (PID=58) to work on /opt/airflow/dags/pipeline_dag.py
[2026-02-12T02:53:50.237+0000] {processor.py:830} INFO - Processing file /opt/airflow/dags/pipeline_dag.py for tasks to queue
[2026-02-12T02:53:50.240+0000] {logging_mixin.py:188} INFO - [2026-02-12T02:53:50.239+0000] {dagbag.py:540} INFO - Filling up the DagBag from /opt/airflow/dags/pipeline_dag.py
[2026-02-12T02:53:50.283+0000] {processor.py:840} INFO - DAG(s) 'glucose_pipeline' retrieved from /opt/airflow/dags/pipeline_dag.py
[2026-02-12T02:53:50.337+0000] {logging_mixin.py:188} INFO - [2026-02-12T02:53:50.336+0000] {dag.py:3047} INFO - Sync 1 DAGs
[2026-02-12T02:53:50.357+0000] {logging_mixin.py:188} INFO - [2026-02-12T02:53:50.357+0000] {dag.py:3834} INFO - Setting next_dagrun for glucose_pipeline to None, run_after=None
[2026-02-12T02:53:50.458+0000] {processor.py:183} INFO - Processing /opt/airflow/dags/pipeline_dag.py took 0.230 seconds
[2026-02-12T02:54:21.431+0000] {processor.py:161} INFO - Started process (PID=59) to work on /opt/airflow/dags/pipeline_dag.py
[2026-02-12T02:54:21.432+0000] {processor.py:830} INFO - Processing file /opt/airflow/dags/pipeline_dag.py for tasks to queue
[2026-02-12T02:54:21.434+0000] {logging_mixin.py:188} INFO - [2026-02-12T02:54:21.433+0000] {dagbag.py:540} INFO - Filling up the DagBag from /opt/airflow/dags/pipeline_dag.py
[2026-02-12T02:54:21.449+0000] {processor.py:840} INFO - DAG(s) 'glucose_pipeline' retrieved from /opt/airflow/dags/pipeline_dag.py
[2026-02-12T02:54:21.475+0000] {logging_mixin.py:188} INFO - [2026-02-12T02:54:21.475+0000] {dag.py:3047} INFO - Sync 1 DAGs
[2026-02-12T02:54:21.485+0000] {logging_mixin.py:188} INFO - [2026-02-12T02:54:21.485+0000] {dag.py:3834} INFO - Setting next_dagrun for glucose_pipeline to None, run_after=None
[2026-02-12T02:54:21.533+0000] {processor.py:183} INFO - Processing /opt/airflow/dags/pipeline_dag.py took 0.105 seconds
[2026-02-12T02:54:51.681+0000] {processor.py:161} INFO - Started process (PID=60) to work on /opt/airflow/dags/pipeline_dag.py
[2026-02-12T02:54:51.682+0000] {processor.py:830} INFO - Processing file /opt/airflow/dags/pipeline_dag.py for tasks to queue
[2026-02-12T02:54:51.684+0000] {logging_mixin.py:188} INFO - [2026-02-12T02:54:51.683+0000] {dagbag.py:540} INFO - Filling up the DagBag from /opt/airflow/dags/pipeline_dag.py
[2026-02-12T02:54:51.700+0000] {processor.py:840} INFO - DAG(s) 'glucose_pipeline' retrieved from /opt/airflow/dags/pipeline_dag.py
[2026-02-12T02:54:51.738+0000] {logging_mixin.py:188} INFO - [2026-02-12T02:54:51.737+0000] {dag.py:3047} INFO - Sync 1 DAGs
[2026-02-12T02:54:51.748+0000] {logging_mixin.py:188} INFO - [2026-02-12T02:54:51.748+0000] {dag.py:3834} INFO - Setting next_dagrun for glucose_pipeline to None, run_after=None
[2026-02-12T02:54:51.791+0000] {processor.py:183} INFO - Processing /opt/airflow/dags/pipeline_dag.py took 0.113 seconds
[2026-02-12T02:55:22.011+0000] {processor.py:161} INFO - Started process (PID=61) to work on /opt/airflow/dags/pipeline_dag.py
[2026-02-12T02:55:22.012+0000] {processor.py:830} INFO - Processing file /opt/airflow/dags/pipeline_dag.py for tasks to queue
[2026-02-12T02:55:22.014+0000] {logging_mixin.py:188} INFO - [2026-02-12T02:55:22.013+0000] {dagbag.py:540} INFO - Filling up the DagBag from /opt/airflow/dags/pipeline_dag.py
[2026-02-12T02:55:22.035+0000] {processor.py:840} INFO - DAG(s) 'glucose_pipeline' retrieved from /opt/airflow/dags/pipeline_dag.py
[2026-02-12T02:55:22.066+0000] {logging_mixin.py:188} INFO - [2026-02-12T02:55:22.066+0000] {dag.py:3047} INFO - Sync 1 DAGs
[2026-02-12T02:55:22.079+0000] {logging_mixin.py:188} INFO - [2026-02-12T02:55:22.079+0000] {dag.py:3834} INFO - Setting next_dagrun for glucose_pipeline to None, run_after=None
[2026-02-12T02:55:22.143+0000] {processor.py:183} INFO - Processing /opt/airflow/dags/pipeline_dag.py took 0.136 seconds
[2026-02-12T02:55:52.343+0000] {processor.py:161} INFO - Started process (PID=62) to work on /opt/airflow/dags/pipeline_dag.py
[2026-02-12T02:55:52.344+0000] {processor.py:830} INFO - Processing file /opt/airflow/dags/pipeline_dag.py for tasks to queue
[2026-02-12T02:55:52.346+0000] {logging_mixin.py:188} INFO - [2026-02-12T02:55:52.345+0000] {dagbag.py:540} INFO - Filling up the DagBag from /opt/airflow/dags/pipeline_dag.py
[2026-02-12T02:55:52.366+0000] {processor.py:840} INFO - DAG(s) 'glucose_pipeline' retrieved from /opt/airflow/dags/pipeline_dag.py
[2026-02-12T02:55:52.399+0000] {logging_mixin.py:188} INFO - [2026-02-12T02:55:52.399+0000] {dag.py:3047} INFO - Sync 1 DAGs
[2026-02-12T02:55:52.411+0000] {logging_mixin.py:188} INFO - [2026-02-12T02:55:52.411+0000] {dag.py:3834} INFO - Setting next_dagrun for glucose_pipeline to None, run_after=None
[2026-02-12T02:55:52.465+0000] {processor.py:183} INFO - Processing /opt/airflow/dags/pipeline_dag.py took 0.125 seconds
[2026-02-12T02:56:22.830+0000] {processor.py:161} INFO - Started process (PID=63) to work on /opt/airflow/dags/pipeline_dag.py
[2026-02-12T02:56:22.831+0000] {processor.py:830} INFO - Processing file /opt/airflow/dags/pipeline_dag.py for tasks to queue
[2026-02-12T02:56:22.832+0000] {logging_mixin.py:188} INFO - [2026-02-12T02:56:22.832+0000] {dagbag.py:540} INFO - Filling up the DagBag from /opt/airflow/dags/pipeline_dag.py
[2026-02-12T02:56:22.846+0000] {processor.py:840} INFO - DAG(s) 'glucose_pipeline' retrieved from /opt/airflow/dags/pipeline_dag.py
[2026-02-12T02:56:22.872+0000] {logging_mixin.py:188} INFO - [2026-02-12T02:56:22.872+0000] {dag.py:3047} INFO - Sync 1 DAGs
[2026-02-12T02:56:22.884+0000] {logging_mixin.py:188} INFO - [2026-02-12T02:56:22.883+0000] {dag.py:3834} INFO - Setting next_dagrun for glucose_pipeline to None, run_after=None
[2026-02-12T02:56:22.933+0000] {processor.py:183} INFO - Processing /opt/airflow/dags/pipeline_dag.py took 0.106 seconds
[2026-02-12T02:56:53.285+0000] {processor.py:161} INFO - Started process (PID=64) to work on /opt/airflow/dags/pipeline_dag.py
[2026-02-12T02:56:53.286+0000] {processor.py:830} INFO - Processing file /opt/airflow/dags/pipeline_dag.py for tasks to queue
[2026-02-12T02:56:53.287+0000] {logging_mixin.py:188} INFO - [2026-02-12T02:56:53.287+0000] {dagbag.py:540} INFO - Filling up the DagBag from /opt/airflow/dags/pipeline_dag.py
[2026-02-12T02:56:53.310+0000] {processor.py:840} INFO - DAG(s) 'glucose_pipeline' retrieved from /opt/airflow/dags/pipeline_dag.py
[2026-02-12T02:56:53.340+0000] {logging_mixin.py:188} INFO - [2026-02-12T02:56:53.340+0000] {dag.py:3047} INFO - Sync 1 DAGs
[2026-02-12T02:56:53.351+0000] {logging_mixin.py:188} INFO - [2026-02-12T02:56:53.351+0000] {dag.py:3834} INFO - Setting next_dagrun for glucose_pipeline to None, run_after=None
[2026-02-12T02:56:53.411+0000] {processor.py:183} INFO - Processing /opt/airflow/dags/pipeline_dag.py took 0.129 seconds
[2026-02-12T02:57:23.735+0000] {processor.py:161} INFO - Started process (PID=65) to work on /opt/airflow/dags/pipeline_dag.py
[2026-02-12T02:57:23.737+0000] {processor.py:830} INFO - Processing file /opt/airflow/dags/pipeline_dag.py for tasks to queue
[2026-02-12T02:57:23.738+0000] {logging_mixin.py:188} INFO - [2026-02-12T02:57:23.738+0000] {dagbag.py:540} INFO - Filling up the DagBag from /opt/airflow/dags/pipeline_dag.py
[2026-02-12T02:57:23.762+0000] {processor.py:840} INFO - DAG(s) 'glucose_pipeline' retrieved from /opt/airflow/dags/pipeline_dag.py
[2026-02-12T02:57:23.807+0000] {logging_mixin.py:188} INFO - [2026-02-12T02:57:23.807+0000] {dag.py:3047} INFO - Sync 1 DAGs
[2026-02-12T02:57:23.820+0000] {logging_mixin.py:188} INFO - [2026-02-12T02:57:23.819+0000] {dag.py:3834} INFO - Setting next_dagrun for glucose_pipeline to None, run_after=None
[2026-02-12T02:57:23.935+0000] {processor.py:183} INFO - Processing /opt/airflow/dags/pipeline_dag.py took 0.203 seconds
[2026-02-12T02:57:54.931+0000] {processor.py:161} INFO - Started process (PID=66) to work on /opt/airflow/dags/pipeline_dag.py
[2026-02-12T02:57:54.932+0000] {processor.py:830} INFO - Processing file /opt/airflow/dags/pipeline_dag.py for tasks to queue
[2026-02-12T02:57:54.933+0000] {logging_mixin.py:188} INFO - [2026-02-12T02:57:54.933+0000] {dagbag.py:540} INFO - Filling up the DagBag from /opt/airflow/dags/pipeline_dag.py
[2026-02-12T02:57:54.963+0000] {processor.py:840} INFO - DAG(s) 'glucose_pipeline' retrieved from /opt/airflow/dags/pipeline_dag.py
[2026-02-12T02:57:55.007+0000] {logging_mixin.py:188} INFO - [2026-02-12T02:57:55.007+0000] {dag.py:3047} INFO - Sync 1 DAGs
[2026-02-12T02:57:55.021+0000] {logging_mixin.py:188} INFO - [2026-02-12T02:57:55.021+0000] {dag.py:3834} INFO - Setting next_dagrun for glucose_pipeline to None, run_after=None
[2026-02-12T02:57:55.081+0000] {processor.py:183} INFO - Processing /opt/airflow/dags/pipeline_dag.py took 0.153 seconds
[2026-02-12T02:58:25.746+0000] {processor.py:161} INFO - Started process (PID=67) to work on /opt/airflow/dags/pipeline_dag.py
[2026-02-12T02:58:25.748+0000] {processor.py:830} INFO - Processing file /opt/airflow/dags/pipeline_dag.py for tasks to queue
[2026-02-12T02:58:25.750+0000] {logging_mixin.py:188} INFO - [2026-02-12T02:58:25.749+0000] {dagbag.py:540} INFO - Filling up the DagBag from /opt/airflow/dags/pipeline_dag.py
[2026-02-12T02:58:25.772+0000] {processor.py:840} INFO - DAG(s) 'glucose_pipeline' retrieved from /opt/airflow/dags/pipeline_dag.py
[2026-02-12T02:58:25.803+0000] {logging_mixin.py:188} INFO - [2026-02-12T02:58:25.803+0000] {dag.py:3047} INFO - Sync 1 DAGs
[2026-02-12T02:58:25.816+0000] {logging_mixin.py:188} INFO - [2026-02-12T02:58:25.816+0000] {dag.py:3834} INFO - Setting next_dagrun for glucose_pipeline to None, run_after=None
[2026-02-12T02:58:25.874+0000] {processor.py:183} INFO - Processing /opt/airflow/dags/pipeline_dag.py took 0.131 seconds
[2026-02-12T02:58:56.703+0000] {processor.py:161} INFO - Started process (PID=68) to work on /opt/airflow/dags/pipeline_dag.py
[2026-02-12T02:58:56.705+0000] {processor.py:830} INFO - Processing file /opt/airflow/dags/pipeline_dag.py for tasks to queue
[2026-02-12T02:58:56.706+0000] {logging_mixin.py:188} INFO - [2026-02-12T02:58:56.705+0000] {dagbag.py:540} INFO - Filling up the DagBag from /opt/airflow/dags/pipeline_dag.py
[2026-02-12T02:58:56.724+0000] {processor.py:840} INFO - DAG(s) 'glucose_pipeline' retrieved from /opt/airflow/dags/pipeline_dag.py
[2026-02-12T02:58:56.765+0000] {logging_mixin.py:188} INFO - [2026-02-12T02:58:56.765+0000] {dag.py:3047} INFO - Sync 1 DAGs
[2026-02-12T02:58:56.781+0000] {logging_mixin.py:188} INFO - [2026-02-12T02:58:56.781+0000] {dag.py:3834} INFO - Setting next_dagrun for glucose_pipeline to None, run_after=None
[2026-02-12T02:58:56.865+0000] {processor.py:183} INFO - Processing /opt/airflow/dags/pipeline_dag.py took 0.165 seconds
[2026-02-12T02:59:27.430+0000] {processor.py:161} INFO - Started process (PID=69) to work on /opt/airflow/dags/pipeline_dag.py
[2026-02-12T02:59:27.432+0000] {processor.py:830} INFO - Processing file /opt/airflow/dags/pipeline_dag.py for tasks to queue
[2026-02-12T02:59:27.433+0000] {logging_mixin.py:188} INFO - [2026-02-12T02:59:27.433+0000] {dagbag.py:540} INFO - Filling up the DagBag from /opt/airflow/dags/pipeline_dag.py
[2026-02-12T02:59:27.469+0000] {processor.py:840} INFO - DAG(s) 'glucose_pipeline' retrieved from /opt/airflow/dags/pipeline_dag.py
[2026-02-12T02:59:27.505+0000] {logging_mixin.py:188} INFO - [2026-02-12T02:59:27.505+0000] {dag.py:3047} INFO - Sync 1 DAGs
[2026-02-12T02:59:27.521+0000] {logging_mixin.py:188} INFO - [2026-02-12T02:59:27.520+0000] {dag.py:3834} INFO - Setting next_dagrun for glucose_pipeline to None, run_after=None
[2026-02-12T02:59:27.583+0000] {processor.py:183} INFO - Processing /opt/airflow/dags/pipeline_dag.py took 0.156 seconds
[2026-02-12T02:59:58.297+0000] {processor.py:161} INFO - Started process (PID=70) to work on /opt/airflow/dags/pipeline_dag.py
[2026-02-12T02:59:58.298+0000] {processor.py:830} INFO - Processing file /opt/airflow/dags/pipeline_dag.py for tasks to queue
[2026-02-12T02:59:58.299+0000] {logging_mixin.py:188} INFO - [2026-02-12T02:59:58.298+0000] {dagbag.py:540} INFO - Filling up the DagBag from /opt/airflow/dags/pipeline_dag.py
[2026-02-12T02:59:58.316+0000] {processor.py:840} INFO - DAG(s) 'glucose_pipeline' retrieved from /opt/airflow/dags/pipeline_dag.py
[2026-02-12T02:59:58.350+0000] {logging_mixin.py:188} INFO - [2026-02-12T02:59:58.350+0000] {dag.py:3047} INFO - Sync 1 DAGs
[2026-02-12T02:59:58.377+0000] {logging_mixin.py:188} INFO - [2026-02-12T02:59:58.377+0000] {dag.py:3834} INFO - Setting next_dagrun for glucose_pipeline to None, run_after=None
[2026-02-12T02:59:58.497+0000] {processor.py:183} INFO - Processing /opt/airflow/dags/pipeline_dag.py took 0.203 seconds
[2026-02-12T03:00:29.169+0000] {processor.py:161} INFO - Started process (PID=71) to work on /opt/airflow/dags/pipeline_dag.py
[2026-02-12T03:00:29.170+0000] {processor.py:830} INFO - Processing file /opt/airflow/dags/pipeline_dag.py for tasks to queue
[2026-02-12T03:00:29.171+0000] {logging_mixin.py:188} INFO - [2026-02-12T03:00:29.171+0000] {dagbag.py:540} INFO - Filling up the DagBag from /opt/airflow/dags/pipeline_dag.py
[2026-02-12T03:00:29.193+0000] {processor.py:840} INFO - DAG(s) 'glucose_pipeline' retrieved from /opt/airflow/dags/pipeline_dag.py
[2026-02-12T03:00:29.223+0000] {logging_mixin.py:188} INFO - [2026-02-12T03:00:29.223+0000] {dag.py:3047} INFO - Sync 1 DAGs
[2026-02-12T03:00:29.238+0000] {logging_mixin.py:188} INFO - [2026-02-12T03:00:29.238+0000] {dag.py:3834} INFO - Setting next_dagrun for glucose_pipeline to None, run_after=None
[2026-02-12T03:00:29.303+0000] {processor.py:183} INFO - Processing /opt/airflow/dags/pipeline_dag.py took 0.136 seconds
[2026-02-12T03:00:59.876+0000] {processor.py:161} INFO - Started process (PID=72) to work on /opt/airflow/dags/pipeline_dag.py
[2026-02-12T03:00:59.877+0000] {processor.py:830} INFO - Processing file /opt/airflow/dags/pipeline_dag.py for tasks to queue
[2026-02-12T03:00:59.878+0000] {logging_mixin.py:188} INFO - [2026-02-12T03:00:59.878+0000] {dagbag.py:540} INFO - Filling up the DagBag from /opt/airflow/dags/pipeline_dag.py
[2026-02-12T03:00:59.893+0000] {processor.py:840} INFO - DAG(s) 'glucose_pipeline' retrieved from /opt/airflow/dags/pipeline_dag.py
[2026-02-12T03:00:59.917+0000] {logging_mixin.py:188} INFO - [2026-02-12T03:00:59.917+0000] {dag.py:3047} INFO - Sync 1 DAGs
[2026-02-12T03:00:59.926+0000] {logging_mixin.py:188} INFO - [2026-02-12T03:00:59.926+0000] {dag.py:3834} INFO - Setting next_dagrun for glucose_pipeline to None, run_after=None
[2026-02-12T03:00:59.995+0000] {processor.py:183} INFO - Processing /opt/airflow/dags/pipeline_dag.py took 0.122 seconds
[2026-02-12T03:01:30.837+0000] {processor.py:161} INFO - Started process (PID=73) to work on /opt/airflow/dags/pipeline_dag.py
[2026-02-12T03:01:30.838+0000] {processor.py:830} INFO - Processing file /opt/airflow/dags/pipeline_dag.py for tasks to queue
[2026-02-12T03:01:30.839+0000] {logging_mixin.py:188} INFO - [2026-02-12T03:01:30.839+0000] {dagbag.py:540} INFO - Filling up the DagBag from /opt/airflow/dags/pipeline_dag.py
[2026-02-12T03:01:30.862+0000] {processor.py:840} INFO - DAG(s) 'glucose_pipeline' retrieved from /opt/airflow/dags/pipeline_dag.py
[2026-02-12T03:01:30.893+0000] {logging_mixin.py:188} INFO - [2026-02-12T03:01:30.892+0000] {dag.py:3047} INFO - Sync 1 DAGs
[2026-02-12T03:01:30.913+0000] {logging_mixin.py:188} INFO - [2026-02-12T03:01:30.913+0000] {dag.py:3834} INFO - Setting next_dagrun for glucose_pipeline to None, run_after=None
[2026-02-12T03:01:30.986+0000] {processor.py:183} INFO - Processing /opt/airflow/dags/pipeline_dag.py took 0.152 seconds
[2026-02-12T03:02:01.688+0000] {processor.py:161} INFO - Started process (PID=74) to work on /opt/airflow/dags/pipeline_dag.py
[2026-02-12T03:02:01.689+0000] {processor.py:830} INFO - Processing file /opt/airflow/dags/pipeline_dag.py for tasks to queue
[2026-02-12T03:02:01.691+0000] {logging_mixin.py:188} INFO - [2026-02-12T03:02:01.690+0000] {dagbag.py:540} INFO - Filling up the DagBag from /opt/airflow/dags/pipeline_dag.py
[2026-02-12T03:02:01.714+0000] {processor.py:840} INFO - DAG(s) 'glucose_pipeline' retrieved from /opt/airflow/dags/pipeline_dag.py
[2026-02-12T03:02:01.743+0000] {logging_mixin.py:188} INFO - [2026-02-12T03:02:01.742+0000] {dag.py:3047} INFO - Sync 1 DAGs
[2026-02-12T03:02:01.756+0000] {logging_mixin.py:188} INFO - [2026-02-12T03:02:01.756+0000] {dag.py:3834} INFO - Setting next_dagrun for glucose_pipeline to None, run_after=None
[2026-02-12T03:02:01.817+0000] {processor.py:183} INFO - Processing /opt/airflow/dags/pipeline_dag.py took 0.132 seconds
[2026-02-12T03:02:32.682+0000] {processor.py:161} INFO - Started process (PID=75) to work on /opt/airflow/dags/pipeline_dag.py
[2026-02-12T03:02:32.683+0000] {processor.py:830} INFO - Processing file /opt/airflow/dags/pipeline_dag.py for tasks to queue
[2026-02-12T03:02:32.685+0000] {logging_mixin.py:188} INFO - [2026-02-12T03:02:32.685+0000] {dagbag.py:540} INFO - Filling up the DagBag from /opt/airflow/dags/pipeline_dag.py
[2026-02-12T03:02:32.711+0000] {processor.py:840} INFO - DAG(s) 'glucose_pipeline' retrieved from /opt/airflow/dags/pipeline_dag.py
[2026-02-12T03:02:32.744+0000] {logging_mixin.py:188} INFO - [2026-02-12T03:02:32.743+0000] {dag.py:3047} INFO - Sync 1 DAGs
[2026-02-12T03:02:32.756+0000] {logging_mixin.py:188} INFO - [2026-02-12T03:02:32.756+0000] {dag.py:3834} INFO - Setting next_dagrun for glucose_pipeline to None, run_after=None
[2026-02-12T03:02:32.816+0000] {processor.py:183} INFO - Processing /opt/airflow/dags/pipeline_dag.py took 0.136 seconds
[2026-02-12T03:03:03.399+0000] {processor.py:161} INFO - Started process (PID=76) to work on /opt/airflow/dags/pipeline_dag.py
[2026-02-12T03:03:03.401+0000] {processor.py:830} INFO - Processing file /opt/airflow/dags/pipeline_dag.py for tasks to queue
[2026-02-12T03:03:03.402+0000] {logging_mixin.py:188} INFO - [2026-02-12T03:03:03.401+0000] {dagbag.py:540} INFO - Filling up the DagBag from /opt/airflow/dags/pipeline_dag.py
[2026-02-12T03:03:03.421+0000] {processor.py:840} INFO - DAG(s) 'glucose_pipeline' retrieved from /opt/airflow/dags/pipeline_dag.py
[2026-02-12T03:03:03.447+0000] {logging_mixin.py:188} INFO - [2026-02-12T03:03:03.447+0000] {dag.py:3047} INFO - Sync 1 DAGs
[2026-02-12T03:03:03.458+0000] {logging_mixin.py:188} INFO - [2026-02-12T03:03:03.458+0000] {dag.py:3834} INFO - Setting next_dagrun for glucose_pipeline to None, run_after=None
[2026-02-12T03:03:03.514+0000] {processor.py:183} INFO - Processing /opt/airflow/dags/pipeline_dag.py took 0.117 seconds
[2026-02-12T03:03:34.175+0000] {processor.py:161} INFO - Started process (PID=77) to work on /opt/airflow/dags/pipeline_dag.py
[2026-02-12T03:03:34.176+0000] {processor.py:830} INFO - Processing file /opt/airflow/dags/pipeline_dag.py for tasks to queue
[2026-02-12T03:03:34.177+0000] {logging_mixin.py:188} INFO - [2026-02-12T03:03:34.177+0000] {dagbag.py:540} INFO - Filling up the DagBag from /opt/airflow/dags/pipeline_dag.py
[2026-02-12T03:03:34.193+0000] {processor.py:840} INFO - DAG(s) 'glucose_pipeline' retrieved from /opt/airflow/dags/pipeline_dag.py
[2026-02-12T03:03:34.219+0000] {logging_mixin.py:188} INFO - [2026-02-12T03:03:34.219+0000] {dag.py:3047} INFO - Sync 1 DAGs
[2026-02-12T03:03:34.231+0000] {logging_mixin.py:188} INFO - [2026-02-12T03:03:34.230+0000] {dag.py:3834} INFO - Setting next_dagrun for glucose_pipeline to None, run_after=None
[2026-02-12T03:03:34.285+0000] {processor.py:183} INFO - Processing /opt/airflow/dags/pipeline_dag.py took 0.112 seconds
